[0.484s] Invoking command in '/home/student/ros2_ws/src/my_package': PYTHONPATH=/home/student/ros2_ws/install/my_package/lib/python3.8/site-packages:${PYTHONPATH} /usr/bin/python3 setup.py egg_info --egg-base ../../build/my_package build --build-base /home/student/ros2_ws/build/my_package/build install --prefix /home/student/ros2_ws/install/my_package --record /home/student/ros2_ws/build/my_package/install.log --single-version-externally-managed
[0.613s] running egg_info
[0.613s] creating ../../build/my_package/my_package.egg-info
[0.613s] writing ../../build/my_package/my_package.egg-info/PKG-INFO
[0.613s] writing dependency_links to ../../build/my_package/my_package.egg-info/dependency_links.txt
[0.614s] writing entry points to ../../build/my_package/my_package.egg-info/entry_points.txt
[0.614s] writing requirements to ../../build/my_package/my_package.egg-info/requires.txt
[0.614s] writing top-level names to ../../build/my_package/my_package.egg-info/top_level.txt
[0.615s] writing manifest file '../../build/my_package/my_package.egg-info/SOURCES.txt'
[0.703s] reading manifest file '../../build/my_package/my_package.egg-info/SOURCES.txt'
[0.703s] writing manifest file '../../build/my_package/my_package.egg-info/SOURCES.txt'
[0.703s] running build
[0.703s] running build_py
[0.704s] creating /home/student/ros2_ws/build/my_package/build
[0.704s] creating /home/student/ros2_ws/build/my_package/build/lib
[0.704s] creating /home/student/ros2_ws/build/my_package/build/lib/my_package
[0.704s] copying my_package/my_node.py -> /home/student/ros2_ws/build/my_package/build/lib/my_package
[0.704s] copying my_package/__init__.py -> /home/student/ros2_ws/build/my_package/build/lib/my_package
[0.704s] running install
[0.704s] running install_lib
[0.705s] creating /home/student/ros2_ws/install/my_package/lib/python3.8/site-packages/my_package
[0.705s] copying /home/student/ros2_ws/build/my_package/build/lib/my_package/my_node.py -> /home/student/ros2_ws/install/my_package/lib/python3.8/site-packages/my_package
[0.705s] copying /home/student/ros2_ws/build/my_package/build/lib/my_package/__init__.py -> /home/student/ros2_ws/install/my_package/lib/python3.8/site-packages/my_package
[0.705s] byte-compiling /home/student/ros2_ws/install/my_package/lib/python3.8/site-packages/my_package/my_node.py to my_node.cpython-38.pyc
[0.706s] byte-compiling /home/student/ros2_ws/install/my_package/lib/python3.8/site-packages/my_package/__init__.py to __init__.cpython-38.pyc
[0.706s] running install_data
[0.706s] creating /home/student/ros2_ws/install/my_package/share/ament_index
[0.706s] creating /home/student/ros2_ws/install/my_package/share/ament_index/resource_index
[0.706s] creating /home/student/ros2_ws/install/my_package/share/ament_index/resource_index/packages
[0.707s] copying resource/my_package -> /home/student/ros2_ws/install/my_package/share/ament_index/resource_index/packages
[0.707s] copying package.xml -> /home/student/ros2_ws/install/my_package/share/my_package
[0.707s] running install_egg_info
[0.707s] Copying ../../build/my_package/my_package.egg-info to /home/student/ros2_ws/install/my_package/lib/python3.8/site-packages/my_package-0.0.0-py3.8.egg-info
[0.707s] running install_scripts
[0.717s] Installing my_node script to /home/student/ros2_ws/install/my_package/lib/my_package
[0.717s] writing list of installed files to '/home/student/ros2_ws/build/my_package/install.log'
[0.729s] Invoked command in '/home/student/ros2_ws/src/my_package' returned '0': PYTHONPATH=/home/student/ros2_ws/install/my_package/lib/python3.8/site-packages:${PYTHONPATH} /usr/bin/python3 setup.py egg_info --egg-base ../../build/my_package build --build-base /home/student/ros2_ws/build/my_package/build install --prefix /home/student/ros2_ws/install/my_package --record /home/student/ros2_ws/build/my_package/install.log --single-version-externally-managed
